<?xml version="1.0" encoding="UTF-8"?>
<testsuite name="EncodingTest" tests="2" skipped="0" failures="0" errors="0" timestamp="2021-04-15T02:54:53" hostname="emmanuela-HP-ENVY-x360-Convertible" time="0.002">
  <properties/>
  <testcase name="encode_instantiates_True" classname="EncodingTest" time="0.001"/>
  <testcase name="getInput_readStringAndKey_String" classname="EncodingTest" time="0.001"/>
  <system-out><![CDATA[]]></system-out>
  <system-err><![CDATA[]]></system-err>
</testsuite>
