<?xml version="1.0" encoding="UTF-8"?>
<testsuite name="EncodingTest" tests="11" skipped="0" failures="0" errors="0" timestamp="2021-04-15T12:06:23" hostname="emmanuela-HP-ENVY-x360-Convertible" time="0.004">
  <properties/>
  <testcase name="validate_isStringEmpty_String" classname="EncodingTest" time="0.001"/>
  <testcase name="validate_isKeyValid_Boolean" classname="EncodingTest" time="0.001"/>
  <testcase name="encode_theQuickBrownFox_String" classname="EncodingTest" time="0.0"/>
  <testcase name="encode_singleStringCharacter_String" classname="EncodingTest" time="0.0"/>
  <testcase name="encode_upperCaseLetters_String" classname="EncodingTest" time="0.0"/>
  <testcase name="encode_ignoreWhiteSpace_String" classname="EncodingTest" time="0.0"/>
  <testcase name="encode_lettersWithNumber_String" classname="EncodingTest" time="0.0"/>
  <testcase name="encode_ignoreSymbols_String" classname="EncodingTest" time="0.0"/>
  <testcase name="encode_multipleStringCharacters_String" classname="EncodingTest" time="0.0"/>
  <testcase name="encode_instantiates_True" classname="EncodingTest" time="0.0"/>
  <testcase name="getInput_readStringAndKey_String" classname="EncodingTest" time="0.0"/>
  <system-out><![CDATA[]]></system-out>
  <system-err><![CDATA[]]></system-err>
</testsuite>
