<?xml version="1.0" encoding="UTF-8"?>
<testsuite name="DecodingTest" tests="3" skipped="0" failures="0" errors="0" timestamp="2021-04-15T09:50:43" hostname="emmanuela-HP-ENVY-x360-Convertible" time="0.002">
  <properties/>
  <testcase name="decode_Instantiates_True" classname="DecodingTest" time="0.001"/>
  <testcase name="decode_getInputtedKey_int" classname="DecodingTest" time="0.0"/>
  <testcase name="decode_getInputText_String" classname="DecodingTest" time="0.0"/>
  <system-out><![CDATA[]]></system-out>
  <system-err><![CDATA[]]></system-err>
</testsuite>
